<?xml version="1.0" encoding="UTF-8"?>
<!-- Generated by org.testng.reporters.JUnitReportReporter -->
<testsuite skipped="0" hostname="DESKTOP-TNNOMRP" name="WebTable.ClickOnLastCheckbox" tests="1" failures="0" timestamp="2021-04-27T15:04:04 IST" time="33.843" errors="0">
  <testcase name="captureOrgName" time="33.843" classname="WebTable.ClickOnLastCheckbox"/>
  <system-out/>
</testsuite> <!-- WebTable.ClickOnLastCheckbox -->
