<?xml version="1.0" encoding="UTF-8"?>
<!-- Generated by org.testng.reporters.JUnitReportReporter -->
<testsuite skipped="0" hostname="DESKTOP-TNNOMRP" name="com.comcast.crm.organizationTest.searchOrganizationTest" tests="5" failures="0" timestamp="2021-05-09T23:48:07 IST" time="106.915" errors="0">
  <testcase name="filterProspectAccounts" time="20.734" classname="com.comcast.crm.organizationTest.searchOrganizationTest"/>
  <system-out>
organization found filter the organization by prospectAccount actualfilterDropDown and option are equal  </system-out>
  <testcase name="searchOrganizationNameByOrgName" time="18.957" classname="com.comcast.crm.organizationTest.searchOrganizationTest"/>
  <system-out>
organization found  </system-out>
  <testcase name="searchOrganizationNameByRating" time="34.219" classname="com.comcast.crm.organizationTest.searchOrganizationTest"/>
  <system-out/>
  <testcase name="searchOrganizationNameByPhone" time="15.036" classname="com.comcast.crm.organizationTest.searchOrganizationTest"/>
  <system-out/>
  <testcase name="searchOrganizationNameByWebsite" time="17.969" classname="com.comcast.crm.organizationTest.searchOrganizationTest"/>
  <system-out/>
</testsuite> <!-- com.comcast.crm.organizationTest.searchOrganizationTest -->
