<?xml version="1.0" encoding="UTF-8"?>
<!-- Generated by org.testng.reporters.JUnitReportReporter -->
<testsuite skipped="0" hostname="DESKTOP-TNNOMRP" name="WebTable.ClickOnAllCheckbox" tests="1" failures="0" timestamp="2021-04-27T15:00:35 IST" time="30.158" errors="0">
  <testcase name="captureOrgName" time="30.158" classname="WebTable.ClickOnAllCheckbox"/>
  <system-out/>
</testsuite> <!-- WebTable.ClickOnAllCheckbox -->
