<?xml version="1.0" encoding="UTF-8"?>
<!-- Generated by org.testng.reporters.JUnitReportReporter -->
<testsuite skipped="0" hostname="DESKTOP-TNNOMRP" name="WebTable.CaptureDynamicWebTable" tests="1" failures="0" timestamp="2021-04-27T14:37:56 IST" time="31.744" errors="0">
  <testcase name="captureOrgName" time="31.744" classname="WebTable.CaptureDynamicWebTable"/>
  <system-out/>
</testsuite> <!-- WebTable.CaptureDynamicWebTable -->
