<?xml version="1.0" encoding="UTF-8"?>
<!-- Generated by org.testng.reporters.JUnitReportReporter -->
<testsuite skipped="0" hostname="DESKTOP-TNNOMRP" name="WebTable.CreateOrganizationAndSignout" tests="1" failures="0" timestamp="2021-05-03T11:00:43 IST" time="37.481" errors="0">
  <testcase name="createOrgandSo" time="37.481" classname="WebTable.CreateOrganizationAndSignout"/>
  <system-out>
Navigate to organization click on create organization Create organization with orgname click on save button expected data is[ ACC45 ] Test Yantra565 - Organization Information Expected data is true  </system-out>
</testsuite> <!-- WebTable.CreateOrganizationAndSignout -->
