<?xml version="1.0" encoding="UTF-8"?>
<!-- Generated by org.testng.reporters.JUnitReportReporter -->
<testsuite skipped="0" hostname="DESKTOP-TNNOMRP" name="WebTable.DeleteParticularFetchRow" tests="1" failures="0" timestamp="2021-04-28T12:02:55 IST" time="41.396" errors="0">
  <testcase name="captureOrgName" time="41.396" classname="WebTable.DeleteParticularFetchRow"/>
  <system-out/>
</testsuite> <!-- WebTable.DeleteParticularFetchRow -->
