<?xml version="1.0" encoding="UTF-8"?>
<!-- Generated by org.testng.reporters.JUnitReportReporter -->
<testsuite skipped="0" hostname="DESKTOP-TNNOMRP" name="com.comcast.crm.organizationTest.TC_30_SearchTheOrganizationByRating_test" tests="1" failures="0" timestamp="2021-05-03T17:19:30 IST" time="37.158" errors="0">
  <testcase name="searchOrganizationName" time="37.158" classname="com.comcast.crm.organizationTest.TC_30_SearchTheOrganizationByRating_test"/>
  <system-out>
organization found click on advance search Click on in opton mouse operator performed click on rating select rating as equal click on submit button Validation passed  </system-out>
</testsuite> <!-- com.comcast.crm.organizationTest.TC_30_SearchTheOrganizationByRating_test -->
