<?xml version="1.0" encoding="UTF-8"?>
<!-- Generated by org.testng.reporters.JUnitReportReporter -->
<testsuite skipped="0" hostname="DESKTOP-TNNOMRP" name="com.comcast.crm.organizationTest.FilterOrganizationTest" tests="1" failures="0" timestamp="2021-05-04T15:43:39 IST" time="22.288" errors="0">
  <testcase name="filterTheOrganizationByProspectAccounts" time="22.288" classname="com.comcast.crm.organizationTest.FilterOrganizationTest"/>
  <system-out>
Navigate to organization Click on Filters Performing mouse over operation Click on Prospect Accounts Validation passed  </system-out>
</testsuite> <!-- com.comcast.crm.organizationTest.FilterOrganizationTest -->
