<?xml version="1.0" encoding="UTF-8"?>
<!-- Generated by org.testng.reporters.JUnitReportReporter -->
<testsuite skipped="0" hostname="DESKTOP-TNNOMRP" name="Assignments.TC_26_FilterTheOrganizationByProspectAccounts_Test" tests="1" failures="0" timestamp="2021-05-18T23:44:38 IST" time="55.380" errors="0">
  <testcase name="filterProspectAccounts" time="55.380" classname="Assignments.TC_26_FilterTheOrganizationByProspectAccounts_Test"/>
  <system-out>
organization found filter the organization by prospectAccount actualfilterDropDown and option are equal  </system-out>
</testsuite> <!-- Assignments.TC_26_FilterTheOrganizationByProspectAccounts_Test -->
