<?xml version="1.0" encoding="UTF-8"?>
<!-- Generated by org.testng.reporters.JUnitReportReporter -->
<testsuite skipped="0" hostname="DESKTOP-TNNOMRP" name="WebTable.CreateOrganizationWithIndustry" tests="2" failures="0" timestamp="2021-05-06T16:19:03 IST" time="90.203" errors="0">
  <testcase name="createOrg" time="51.894" classname="WebTable.CreateOrganizationWithIndustry"/>
  <system-out/>
  <testcase name="createorgwithindustry" time="38.309" classname="WebTable.CreateOrganizationWithIndustry"/>
  <system-out/>
</testsuite> <!-- WebTable.CreateOrganizationWithIndustry -->
