<?xml version="1.0" encoding="UTF-8"?>
<!-- Generated by org.testng.reporters.JUnitReportReporter -->
<testsuite skipped="0" hostname="DESKTOP-TNNOMRP" name="practice.ddt.DataBaseUtils" tests="1" failures="0" timestamp="2021-04-26T15:43:40 IST" time="0.388" errors="0">
  <testcase name="getExecuteQuery" time="0.388" classname="practice.ddt.DataBaseUtils"/>
  <system-out/>
</testsuite> <!-- practice.ddt.DataBaseUtils -->
