<?xml version="1.0" encoding="UTF-8"?>
<!-- Generated by org.testng.reporters.JUnitReportReporter -->
<testsuite skipped="0" hostname="DESKTOP-TNNOMRP" name="Assignments.TC_28_SearchTheOrganizationByPhone_test" tests="1" failures="0" timestamp="2021-05-07T08:42:28 IST" time="27.916" errors="0">
  <testcase name="searchOrganizationName" time="27.916" classname="Assignments.TC_28_SearchTheOrganizationByPhone_test"/>
  <system-out/>
</testsuite> <!-- Assignments.TC_28_SearchTheOrganizationByPhone_test -->
