<?xml version="1.0" encoding="UTF-8"?>
<!-- Generated by org.testng.reporters.JUnitReportReporter -->
<testsuite skipped="0" hostname="DESKTOP-TNNOMRP" name="com.crm.vtiger.GenericUtils.JavaUtility" tests="1" failures="0" timestamp="2021-04-28T14:49:02 IST" time="0.014" errors="0">
  <testcase name="getRandomData" time="0.014" classname="com.crm.vtiger.GenericUtils.JavaUtility"/>
  <system-out/>
</testsuite> <!-- com.crm.vtiger.GenericUtils.JavaUtility -->
