<?xml version="1.0" encoding="UTF-8"?>
<!-- Generated by org.testng.reporters.JUnitReportReporter -->
<testsuite skipped="0" hostname="DESKTOP-TNNOMRP" name="Assignments.TC_27_SearchTheOrganizationByOrganizationName_test" tests="1" failures="0" timestamp="2021-05-03T13:46:55 IST" time="25.515" errors="0">
  <testcase name="searchOrganizationName" time="25.515" classname="Assignments.TC_27_SearchTheOrganizationByOrganizationName_test"/>
  <system-out>
Organization found Click on serach organization Click on search mouse over operation performed click on industry type Validation2 passed Click on submit button  </system-out>
</testsuite> <!-- Assignments.TC_27_SearchTheOrganizationByOrganizationName_test -->
