<?xml version="1.0" encoding="UTF-8"?>
<!-- Generated by org.testng.reporters.JUnitReportReporter -->
<testsuite skipped="0" hostname="DESKTOP-TNNOMRP" name="Assignments.TC_30_SearchTheOrganizationByRating_test" tests="1" failures="0" timestamp="2021-05-07T09:50:32 IST" time="26.642" errors="0">
  <testcase name="searchOrganizationName" time="26.642" classname="Assignments.TC_30_SearchTheOrganizationByRating_test"/>
  <system-out/>
</testsuite> <!-- Assignments.TC_30_SearchTheOrganizationByRating_test -->
