<?xml version="1.0" encoding="UTF-8"?>
<!-- Generated by org.testng.reporters.JUnitReportReporter -->
<testsuite skipped="0" hostname="DESKTOP-TNNOMRP" name="practice.ddt.CreateUserTest" tests="1" failures="0" timestamp="2021-04-26T23:29:51 IST" time="0.004" errors="0">
  <testcase name="createUserTest" time="0.004" classname="practice.ddt.CreateUserTest"/>
  <system-out/>
</testsuite> <!-- practice.ddt.CreateUserTest -->
