<?xml version="1.0" encoding="UTF-8"?>
<!-- Generated by org.testng.reporters.JUnitReportReporter -->
<testsuite skipped="0" hostname="DESKTOP-TNNOMRP" name="practice.ddt.CaptureDynamicWebTable" tests="1" failures="0" timestamp="2021-04-27T13:57:21 IST" time="42.713" errors="0">
  <testcase name="captureOrgName" time="42.713" classname="practice.ddt.CaptureDynamicWebTable"/>
  <system-out/>
</testsuite> <!-- practice.ddt.CaptureDynamicWebTable -->
