<?xml version="1.0" encoding="UTF-8"?>
<!-- Generated by org.testng.reporters.JUnitReportReporter -->
<testsuite skipped="0" hostname="DESKTOP-TNNOMRP" name="WebTable.CompareActualAndExpectedData" tests="1" failures="0" timestamp="2021-04-28T11:52:34 IST" time="48.013" errors="0">
  <testcase name="captureOrgName" time="48.013" classname="WebTable.CompareActualAndExpectedData"/>
  <system-out/>
</testsuite> <!-- WebTable.CompareActualAndExpectedData -->
