<?xml version="1.0" encoding="UTF-8"?>
<!-- Generated by org.testng.reporters.JUnitReportReporter -->
<testsuite skipped="0" hostname="DESKTOP-TNNOMRP" name="WebTable.ClearTripCalendorDivisionPopup" tests="1" failures="0" timestamp="2021-04-27T16:16:49 IST" time="12.414" errors="0">
  <testcase name="flight" time="12.414" classname="WebTable.ClearTripCalendorDivisionPopup"/>
  <system-out/>
</testsuite> <!-- WebTable.ClearTripCalendorDivisionPopup -->
