<?xml version="1.0" encoding="UTF-8"?>
<!-- Generated by org.testng.reporters.JUnitReportReporter -->
<testsuite skipped="0" hostname="DESKTOP-TNNOMRP" name="com.comcast.crm.organizationTest.TC_28_SearchTheOrganizationByPhone_test" tests="1" failures="0" timestamp="2021-05-03T16:49:27 IST" time="17.667" errors="0">
  <testcase name="searchOrganizationName" time="17.667" classname="com.comcast.crm.organizationTest.TC_28_SearchTheOrganizationByPhone_test"/>
  <system-out>
Organization found search the orgname Click on in field performed mousehover action Search the organization by phone Click on submit Validation passed  </system-out>
</testsuite> <!-- com.comcast.crm.organizationTest.TC_28_SearchTheOrganizationByPhone_test -->
