<?xml version="1.0" encoding="UTF-8"?>
<!-- Generated by org.testng.reporters.JUnitReportReporter -->
<testsuite skipped="0" hostname="DESKTOP-TNNOMRP" name="Assignments.TC_29_SearchTheOrganizationByWebsite_test" tests="1" failures="0" timestamp="2021-05-07T08:51:12 IST" time="40.540" errors="0">
  <testcase name="searchOrganizationName" time="40.540" classname="Assignments.TC_29_SearchTheOrganizationByWebsite_test"/>
  <system-out/>
</testsuite> <!-- Assignments.TC_29_SearchTheOrganizationByWebsite_test -->
