<?xml version="1.0" encoding="UTF-8"?>
<!-- Generated by org.testng.reporters.JUnitReportReporter -->
<testsuite skipped="0" hostname="DESKTOP-TNNOMRP" name="practice.ddt.CreateCustomerTest" tests="1" failures="0" timestamp="2021-04-26T23:29:51 IST" time="0.008" errors="0">
  <testcase name="createCustomerTest" time="0.008" classname="practice.ddt.CreateCustomerTest"/>
  <system-out/>
</testsuite> <!-- practice.ddt.CreateCustomerTest -->
