<?xml version="1.0" encoding="UTF-8"?>
<!-- Generated by org.testng.reporters.JUnitReportReporter -->
<testsuite skipped="0" hostname="DESKTOP-TNNOMRP" name="practice.ddt.A" tests="1" failures="0" timestamp="2021-05-04T23:30:33 IST" time="0.039" errors="0">
  <testcase name="main" time="0.039" classname="practice.ddt.A"/>
  <system-out/>
</testsuite> <!-- practice.ddt.A -->
