<?xml version="1.0" encoding="UTF-8"?>
<!-- Generated by org.testng.reporters.JUnitXMLReporter -->
<testsuite hostname="DESKTOP-TNNOMRP" ignored="0" name="Test-runner-2" tests="10" failures="0" timestamp="2021-05-07T10:41:56 IST" time="155.239" errors="0">
  <testcase name="filterProspectAccounts" time="19.335" classname="com.comcast.crm.organizationTest.searchOrganizationTest"/>
  <testcase name="filterProspectAccounts" time="16.424" classname="com.comcast.crm.organizationTest.searchOrganizationTest"/>
  <testcase name="searchOrganizationNameByOrgName" time="13.737" classname="com.comcast.crm.organizationTest.searchOrganizationTest"/>
  <testcase name="searchOrganizationNameByOrgName" time="13.07" classname="com.comcast.crm.organizationTest.searchOrganizationTest"/>
  <testcase name="searchOrganizationNameByPhone" time="13.092" classname="com.comcast.crm.organizationTest.searchOrganizationTest"/>
  <testcase name="searchOrganizationNameByPhone" time="12.524" classname="com.comcast.crm.organizationTest.searchOrganizationTest"/>
  <testcase name="searchOrganizationNameByRating" time="11.452" classname="com.comcast.crm.organizationTest.searchOrganizationTest"/>
  <testcase name="searchOrganizationNameByRating" time="9.653" classname="com.comcast.crm.organizationTest.searchOrganizationTest"/>
  <testcase name="searchOrganizationNameByWebsite" time="11.147" classname="com.comcast.crm.organizationTest.searchOrganizationTest"/>
  <testcase name="searchOrganizationNameByWebsite" time="10.448" classname="com.comcast.crm.organizationTest.searchOrganizationTest"/>
</testsuite> <!-- Test-runner-2 -->
