<?xml version="1.0" encoding="UTF-8"?>
<!-- Generated by org.testng.reporters.JUnitXMLReporter -->
<testsuite hostname="DESKTOP-TNNOMRP" ignored="0" name="Test-runner-1" tests="0" failures="0" timestamp="2021-05-07T10:41:56 IST" time="155.269" errors="0">
</testsuite> <!-- Test-runner-1 -->
